# JRE version: OpenJDK Runtime Environment (11.0.8+10) (build 11.0.8+10-b944.6842174)
# Java VM: OpenJDK 64-Bit Server VM (11.0.8+10-b944.6842174, mixed mode, tiered, compressed oops, g1 gc, windows-amd64)
Heap:
 garbage-first heap   total 294912K, used 193862K [0x0000000080000000, 0x0000000100000000)
  region size 1024K, 48 young (49152K), 5 survivors (5120K)
 Metaspace       used 123254K, capacity 126674K, committed 126848K, reserved 1159168K
  class space    used 15231K, capacity 16495K, committed 16512K, reserved 1048576K
GC Heap History (20 events):
Event: 818.216 GC heap before
{Heap before GC invocations=112 (full 0):
 garbage-first heap   total 294912K, used 229898K [0x0000000080000000, 0x0000000100000000)
  region size 1024K, 84 young (86016K), 6 survivors (6144K)
 Metaspace       used 122353K, capacity 125639K, committed 125824K, reserved 1159168K
  class space    used 15149K, capacity 16392K, committed 16512K, reserved 1048576K
}
Event: 818.571 GC heap after
{Heap after GC invocations=113 (full 0):
 garbage-first heap   total 294912K, used 129189K [0x0000000080000000, 0x0000000100000000)
  region size 1024K, 6 young (6144K), 6 survivors (6144K)
 Metaspace       used 122353K, capacity 125639K, committed 125824K, reserved 1159168K
  class space    used 15149K, capacity 16392K, committed 16512K, reserved 1048576K
}
Event: 819.608 GC heap before
{Heap before GC invocations=113 (full 0):
 garbage-first heap   total 294912K, used 136357K [0x0000000080000000, 0x0000000100000000)
  region size 1024K, 14 young (14336K), 6 survivors (6144K)
 Metaspace       used 122440K, capacity 125763K, committed 126080K, reserved 1159168K
  class space    used 15155K, capacity 16402K, committed 16512K, reserved 1048576K
}
Event: 819.765 GC heap after
{Heap after GC invocations=114 (full 0):
 garbage-first heap   total 294912K, used 124643K [0x0000000080000000, 0x0000000100000000)
  region size 1024K, 2 young (2048K), 2 survivors (2048K)
 Metaspace       used 122440K, capacity 125763K, committed 126080K, reserved 1159168K
  class space    used 15155K, capacity 16402K, committed 16512K, reserved 1048576K
}
Event: 823.688 GC heap before
{Heap before GC invocations=114 (full 0):
 garbage-first heap   total 294912K, used 176867K [0x0000000080000000, 0x0000000100000000)
  region size 1024K, 54 young (55296K), 2 survivors (2048K)
 Metaspace       used 122662K, capacity 126016K, committed 126080K, reserved 1159168K
  class space    used 15186K, capacity 16460K, committed 16512K, reserved 1048576K
}
Event: 824.185 GC heap after
{Heap after GC invocations=115 (full 0):
 garbage-first heap   total 294912K, used 127599K [0x0000000080000000, 0x0000000100000000)
  region size 1024K, 5 young (5120K), 5 survivors (5120K)
 Metaspace       used 122662K, capacity 126016K, committed 126080K, reserved 1159168K
  class space    used 15186K, capacity 16460K, committed 16512K, reserved 1048576K
}
Event: 824.961 GC heap before
{Heap before GC invocations=115 (full 0):
 garbage-first heap   total 294912K, used 151151K [0x0000000080000000, 0x0000000100000000)
  region size 1024K, 26 young (26624K), 5 survivors (5120K)
 Metaspace       used 122672K, capacity 126016K, committed 126080K, reserved 1159168K
  class space    used 15186K, capacity 16460K, committed 16512K, reserved 1048576K
}
Event: 825.158 GC heap after
{Heap after GC invocations=116 (full 0):
 garbage-first heap   total 294912K, used 146320K [0x0000000080000000, 0x0000000100000000)
  region size 1024K, 4 young (4096K), 4 survivors (4096K)
 Metaspace       used 122672K, capacity 126016K, committed 126080K, reserved 1159168K
  class space    used 15186K, capacity 16460K, committed 16512K, reserved 1048576K
}
Event: 825.367 GC heap before
{Heap before GC invocations=116 (full 0):
 garbage-first heap   total 294912K, used 177040K [0x0000000080000000, 0x0000000100000000)
  region size 1024K, 35 young (35840K), 4 survivors (4096K)
 Metaspace       used 122685K, capacity 126144K, committed 126336K, reserved 1159168K
  class space    used 15186K, capacity 16460K, committed 16512K, reserved 1048576K
}
Event: 825.401 GC heap after
{Heap after GC invocations=117 (full 0):
 garbage-first heap   total 294912K, used 156160K [0x0000000080000000, 0x0000000100000000)
  region size 1024K, 5 young (5120K), 5 survivors (5120K)
 Metaspace       used 122685K, capacity 126144K, committed 126336K, reserved 1159168K
  class space    used 15186K, capacity 16460K, committed 16512K, reserved 1048576K
}
Event: 831.276 GC heap before
{Heap before GC invocations=117 (full 0):
 garbage-first heap   total 294912K, used 229888K [0x0000000080000000, 0x0000000100000000)
  region size 1024K, 52 young (53248K), 5 survivors (5120K)
 Metaspace       used 122838K, capacity 126209K, committed 126336K, reserved 1159168K
  class space    used 15187K, capacity 16460K, committed 16512K, reserved 1048576K
}
Event: 831.431 GC heap after
{Heap after GC invocations=118 (full 0):
 garbage-first heap   total 294912K, used 158133K [0x0000000080000000, 0x0000000100000000)
  region size 1024K, 5 young (5120K), 5 survivors (5120K)
 Metaspace       used 122838K, capacity 126209K, committed 126336K, reserved 1159168K
  class space    used 15187K, capacity 16460K, committed 16512K, reserved 1048576K
}
Event: 834.397 GC heap before
{Heap before GC invocations=119 (full 0):
 garbage-first heap   total 294912K, used 220597K [0x0000000080000000, 0x0000000100000000)
  region size 1024K, 67 young (68608K), 5 survivors (5120K)
 Metaspace       used 122844K, capacity 126211K, committed 126336K, reserved 1159168K
  class space    used 15187K, capacity 16460K, committed 16512K, reserved 1048576K
}
Event: 834.445 GC heap after
{Heap after GC invocations=120 (full 0):
 garbage-first heap   total 294912K, used 159743K [0x0000000080000000, 0x0000000100000000)
  region size 1024K, 2 young (2048K), 2 survivors (2048K)
 Metaspace       used 122844K, capacity 126211K, committed 126336K, reserved 1159168K
  class space    used 15187K, capacity 16460K, committed 16512K, reserved 1048576K
}
Event: 899.154 GC heap before
{Heap before GC invocations=120 (full 0):
 garbage-first heap   total 294912K, used 171007K [0x0000000080000000, 0x0000000100000000)
  region size 1024K, 14 young (14336K), 2 survivors (2048K)
 Metaspace       used 123149K, capacity 126601K, committed 126848K, reserved 1159168K
  class space    used 15230K, capacity 16494K, committed 16512K, reserved 1048576K
}
Event: 899.316 GC heap after
{Heap after GC invocations=121 (full 0):
 garbage-first heap   total 294912K, used 152376K [0x0000000080000000, 0x0000000100000000)
  region size 1024K, 1 young (1024K), 1 survivors (1024K)
 Metaspace       used 123149K, capacity 126601K, committed 126848K, reserved 1159168K
  class space    used 15230K, capacity 16494K, committed 16512K, reserved 1048576K
}
Event: 900.899 GC heap before
{Heap before GC invocations=121 (full 0):
 garbage-first heap   total 294912K, used 165688K [0x0000000080000000, 0x0000000100000000)
  region size 1024K, 14 young (14336K), 1 survivors (1024K)
 Metaspace       used 123155K, capacity 126601K, committed 126848K, reserved 1159168K
  class space    used 15230K, capacity 16494K, committed 16512K, reserved 1048576K
}
Event: 901.112 GC heap after
{Heap after GC invocations=122 (full 0):
 garbage-first heap   total 294912K, used 148170K [0x0000000080000000, 0x0000000100000000)
  region size 1024K, 2 young (2048K), 2 survivors (2048K)
 Metaspace       used 123155K, capacity 126601K, committed 126848K, reserved 1159168K
  class space    used 15230K, capacity 16494K, committed 16512K, reserved 1048576K
}
Event: 904.675 GC heap before
{Heap before GC invocations=122 (full 0):
 garbage-first heap   total 294912K, used 187082K [0x0000000080000000, 0x0000000100000000)
  region size 1024K, 40 young (40960K), 2 survivors (2048K)
 Metaspace       used 123246K, capacity 126674K, committed 126848K, reserved 1159168K
  class space    used 15231K, capacity 16495K, committed 16512K, reserved 1048576K
}
Event: 904.794 GC heap after
{Heap after GC invocations=123 (full 0):
 garbage-first heap   total 294912K, used 151878K [0x0000000080000000, 0x0000000100000000)
  region size 1024K, 5 young (5120K), 5 survivors (5120K)
 Metaspace       used 123246K, capacity 126674K, committed 126848K, reserved 1159168K
  class space    used 15231K, capacity 16495K, committed 16512K, reserved 1048576K
}

